
D:\Desktop\code\OperatingSystems\Program06>javac *.java 

D:\Desktop\code\OperatingSystems\Program06>java Bump 
Bumper Cars: numRiders = 10, numCars = 5
timeBump = 5, timeWander = 10, runTime = 40
Car 0 is alive
Car 1 is alive
Car 2 is alive
Car 3 is alive
Car 4 is alive
Rider 0 is alive
Rider 1 is alive
Rider 2 is alive
Rider 3 is alive
Rider 4 is alive
Rider 5 is alive
Rider 6 is alive
Rider 7 is alive
Rider 8 is alive
Rider 9 is alive
All Car & Rider threads started.
age() = 0, Car 0 is in line to be loaded.
age() = 7, Car 3 is in line to be loaded.
age() = 6, Car 2 is in line to be loaded.
age() = 7, Car 4 is in line to be loaded.
age() = 6, Car 1 is in line to be loaded.
age() = 8, Rider 8 is wandering the park for 3613 ms
age() = 7, Rider 2 is wandering the park for 2895 ms
age() = 7, Rider 0 is wandering the park for 4836 ms
age() = 7, Rider 3 is wandering the park for 5061 ms
age() = 8, Rider 7 is wandering the park for 5481 ms
age() = 7, Rider 4 is wandering the park for 3044 ms
age() = 8, Rider 5 is wandering the park for 6700 ms
age() = 7, Rider 1 is wandering the park for 7340 ms
age() = 8, Rider 6 is wandering the park for 7076 ms
age() = 8, Rider 9 is wandering the park for 4891 ms
age() = 2920, Rider 2 is joining the line.
age() = 3069, Rider 4 is joining the line.
age() = 3639, Rider 8 is joining the line.
age() = 3921, Car 0 with Rider 2 is bumping on the floor for 2081 ms
age() = 3921, Car 1 with Rider 8 is bumping on the floor for 2745 ms
age() = 3921, Car 3 with Rider 4 is bumping on the floor for 2931 ms
age() = 4861, Rider 0 is joining the line.
age() = 4916, Rider 9 is joining the line.
age() = 5085, Rider 3 is joining the line.
age() = 5505, Rider 7 is joining the line.
age() = 5862, Car 2 with Rider 9 is bumping on the floor for 4441 ms
age() = 5862, Car 4 with Rider 0 is bumping on the floor for 906 ms
age() = 6725, Rider 5 is joining the line.
age() = 7020, Car 0 has unloaded.
age() = 7020, Car 0 is in line to be loaded.
age() = 7020, Rider 2 has finished riding.
age() = 7020, Rider 2 is wandering the park for 6163 ms
age() = 7102, Rider 6 is joining the line.
age() = 7364, Rider 1 is joining the line.
age() = 7685, Rider 8 has finished riding.
age() = 7685, Rider 8 is wandering the park for 2834 ms
age() = 7685, Car 1 has unloaded.
age() = 7685, Car 1 is in line to be loaded.
age() = 7769, Rider 0 has finished riding.
age() = 7769, Rider 0 is wandering the park for 5223 ms
age() = 7769, Car 4 has unloaded.
age() = 7769, Car 4 is in line to be loaded.
age() = 7871, Rider 4 has finished riding.
age() = 7871, Rider 4 is wandering the park for 1389 ms
age() = 7871, Car 3 has unloaded.
age() = 7871, Car 3 is in line to be loaded.
age() = 8023, Car 0 with Rider 3 is bumping on the floor for 2474 ms
age() = 8023, Car 3 with Rider 6 is bumping on the floor for 906 ms
age() = 8023, Car 1 with Rider 7 is bumping on the floor for 2005 ms
age() = 8023, Car 4 with Rider 5 is bumping on the floor for 817 ms
age() = 9261, Rider 4 is joining the line.
age() = 9842, Rider 5 has finished riding.
age() = 9842, Rider 5 is wandering the park for 4003 ms
age() = 9842, Car 4 has unloaded.
age() = 9842, Car 4 is in line to be loaded.
age() = 9930, Rider 6 has finished riding.
age() = 9930, Rider 6 is wandering the park for 7751 ms
age() = 9930, Car 3 has unloaded.
age() = 9930, Car 3 is in line to be loaded.
age() = 10521, Rider 8 is joining the line.
age() = 10843, Car 4 with Rider 1 is bumping on the floor for 4832 ms
age() = 10843, Car 3 with Rider 4 is bumping on the floor for 787 ms
age() = 11030, Rider 7 has finished riding.
age() = 11030, Rider 7 is wandering the park for 6330 ms
age() = 11030, Car 1 has unloaded.
age() = 11030, Car 1 is in line to be loaded.
age() = 11304, Rider 9 has finished riding.
age() = 11304, Rider 9 is wandering the park for 8539 ms
age() = 11304, Car 2 has unloaded.
age() = 11304, Car 2 is in line to be loaded.
age() = 11498, Rider 3 has finished riding.
age() = 11498, Rider 3 is wandering the park for 5558 ms
age() = 11498, Car 0 has unloaded.
age() = 11498, Car 0 is in line to be loaded.
age() = 12032, Car 1 with Rider 8 is bumping on the floor for 7 ms
age() = 12631, Rider 4 has finished riding.
age() = 12631, Rider 4 is wandering the park for 4263 ms
age() = 12631, Car 3 has unloaded.
age() = 12631, Car 3 is in line to be loaded.
age() = 12993, Rider 0 is joining the line.
age() = 13040, Car 1 has unloaded.
age() = 13040, Rider 8 has finished riding.
age() = 13040, Car 1 is in line to be loaded.
age() = 13040, Rider 8 is wandering the park for 3857 ms
age() = 13184, Rider 2 is joining the line.
age() = 13846, Rider 5 is joining the line.
age() = 13993, Car 2 with Rider 5 is bumping on the floor for 2603 ms
age() = 13993, Car 1 with Rider 2 is bumping on the floor for 3074 ms
age() = 13993, Car 0 with Rider 0 is bumping on the floor for 326 ms
age() = 15322, Rider 0 has finished riding.
age() = 15322, Rider 0 is wandering the park for 4015 ms
age() = 15322, Car 0 has unloaded.
age() = 15322, Car 0 is in line to be loaded.
age() = 16677, Car 4 has unloaded.
age() = 16677, Rider 1 has finished riding.
age() = 16677, Rider 1 is wandering the park for 1384 ms
age() = 16677, Car 4 is in line to be loaded.
age() = 16895, Rider 4 is joining the line.
age() = 16897, Rider 8 is joining the line.
age() = 17057, Rider 3 is joining the line.
age() = 17362, Rider 7 is joining the line.
age() = 17598, Rider 5 has finished riding.
age() = 17598, Rider 5 is wandering the park for 3032 ms
age() = 17598, Car 2 has unloaded.
age() = 17598, Car 2 is in line to be loaded.
age() = 17682, Rider 6 is joining the line.
age() = 17897, Car 3 with Rider 3 is bumping on the floor for 2822 ms
age() = 17897, Car 0 with Rider 8 is bumping on the floor for 3208 ms
age() = 17897, Car 4 with Rider 4 is bumping on the floor for 4265 ms
age() = 17897, Car 2 with Rider 7 is bumping on the floor for 4332 ms
age() = 18061, Rider 1 is joining the line.
age() = 18069, Rider 2 has finished riding.
age() = 18069, Rider 2 is wandering the park for 4722 ms
age() = 18069, Car 1 has unloaded.
age() = 18069, Car 1 is in line to be loaded.
age() = 18602, Car 1 with Rider 6 is bumping on the floor for 1607 ms
age() = 19337, Rider 0 is joining the line.
age() = 19844, Rider 9 is joining the line.
age() = 20632, Rider 5 is joining the line.
age() = 21209, Rider 6 has finished riding.
age() = 21209, Rider 6 is wandering the park for 3159 ms
age() = 21209, Car 1 has unloaded.
age() = 21209, Car 1 is in line to be loaded.
age() = 21720, Rider 3 has finished riding.
age() = 21720, Rider 3 is wandering the park for 1683 ms
age() = 21720, Car 3 has unloaded.
age() = 21720, Car 3 is in line to be loaded.
age() = 22106, Rider 8 has finished riding.
age() = 22106, Rider 8 is wandering the park for 4318 ms
age() = 22106, Car 0 has unloaded.
age() = 22106, Car 0 is in line to be loaded.
age() = 22210, Car 0 with Rider 9 is bumping on the floor for 1844 ms
age() = 22210, Car 1 with Rider 1 is bumping on the floor for 759 ms
age() = 22210, Car 3 with Rider 0 is bumping on the floor for 4317 ms
age() = 22792, Rider 2 is joining the line.
age() = 23164, Car 4 has unloaded.
age() = 23164, Car 4 is in line to be loaded.
age() = 23164, Rider 4 has finished riding.
age() = 23164, Rider 4 is wandering the park for 486 ms
age() = 23230, Rider 7 has finished riding.
age() = 23230, Rider 7 is wandering the park for 9372 ms
age() = 23230, Car 2 has unloaded.
age() = 23230, Car 2 is in line to be loaded.
age() = 23404, Rider 3 is joining the line.
age() = 23650, Rider 4 is joining the line.
age() = 23970, Car 1 has unloaded.
age() = 23970, Rider 1 has finished riding.
age() = 23970, Rider 1 is wandering the park for 3776 ms
age() = 23970, Car 1 is in line to be loaded.
age() = 24164, Car 1 with Rider 3 is bumping on the floor for 3816 ms
age() = 24164, Car 2 with Rider 2 is bumping on the floor for 1219 ms
age() = 24164, Car 4 with Rider 5 is bumping on the floor for 227 ms
age() = 24369, Rider 6 is joining the line.
age() = 25055, Car 0 has unloaded.
age() = 25055, Car 0 is in line to be loaded.
age() = 25055, Rider 9 has finished riding.
age() = 25055, Rider 9 is wandering the park for 9170 ms
age() = 25393, Rider 5 has finished riding.
age() = 25393, Rider 5 is wandering the park for 8868 ms
age() = 25393, Car 4 has unloaded.
age() = 25393, Car 4 is in line to be loaded.
age() = 26055, Car 4 with Rider 6 is bumping on the floor for 4696 ms
age() = 26055, Car 0 with Rider 4 is bumping on the floor for 2647 ms
age() = 26384, Rider 2 has finished riding.
age() = 26384, Rider 2 is wandering the park for 7171 ms
age() = 26384, Car 2 has unloaded.
age() = 26384, Car 2 is in line to be loaded.
age() = 26425, Rider 8 is joining the line.
age() = 27425, Car 2 with Rider 8 is bumping on the floor for 2912 ms
age() = 27528, Rider 0 has finished riding.
age() = 27528, Rider 0 is wandering the park for 6197 ms
age() = 27528, Car 3 has unloaded.
age() = 27528, Car 3 is in line to be loaded.
age() = 27749, Rider 1 is joining the line.
age() = 28749, Car 3 with Rider 1 is bumping on the floor for 462 ms
age() = 28983, Car 1 has unloaded.
age() = 28983, Car 1 is in line to be loaded.
age() = 28983, Rider 3 has finished riding.
age() = 28983, Rider 3 is wandering the park for 5558 ms
age() = 29703, Car 0 has unloaded.
age() = 29703, Car 0 is in line to be loaded.
age() = 29703, Rider 4 has finished riding.
age() = 29703, Rider 4 is wandering the park for 2376 ms
age() = 30213, Car 3 has unloaded.
age() = 30213, Car 3 is in line to be loaded.
age() = 30213, Rider 1 has finished riding.
age() = 30213, Rider 1 is wandering the park for 374 ms
age() = 30588, Rider 1 is joining the line.
age() = 31339, Car 2 has unloaded.
age() = 31339, Car 2 is in line to be loaded.
age() = 31339, Rider 8 has finished riding.
age() = 31339, Rider 8 is wandering the park for 1416 ms
age() = 31590, Car 0 with Rider 1 is bumping on the floor for 3732 ms
age() = 31753, Car 4 has unloaded.
age() = 31753, Rider 6 has finished riding.
age() = 31753, Car 4 is in line to be loaded.
age() = 31753, Rider 6 is wandering the park for 9976 ms
age() = 32080, Rider 4 is joining the line.
age() = 32603, Rider 7 is joining the line.
age() = 32756, Rider 8 is joining the line.
age() = 33080, Car 4 with Rider 8 is bumping on the floor for 466 ms
age() = 33080, Car 1 with Rider 7 is bumping on the floor for 1324 ms
age() = 33080, Car 2 with Rider 4 is bumping on the floor for 3005 ms
age() = 33556, Rider 2 is joining the line.
age() = 33605, Car 3 with Rider 2 is bumping on the floor for 3025 ms
age() = 33726, Rider 0 is joining the line.
age() = 34226, Rider 9 is joining the line.
age() = 34261, Rider 5 is joining the line.
age() = 34542, Rider 3 is joining the line.
age() = 34546, Car 4 has unloaded.
age() = 34546, Car 4 is in line to be loaded.
age() = 34546, Rider 8 has finished riding.
age() = 34546, Rider 8 is wandering the park for 7094 ms
age() = 34556, Car 4 with Rider 0 is bumping on the floor for 3292 ms
age() = 35405, Rider 7 has finished riding.
age() = 35405, Rider 7 is wandering the park for 6845 ms
age() = 35405, Car 1 has unloaded.
age() = 35405, Car 1 is in line to be loaded.
age() = 35547, Car 1 with Rider 9 is bumping on the floor for 4696 ms
age() = 36324, Rider 1 has finished riding.
age() = 36324, Rider 1 is wandering the park for 3347 ms
age() = 36324, Car 0 has unloaded.
age() = 36324, Car 0 is in line to be loaded.
age() = 36405, Car 0 with Rider 5 is bumping on the floor for 2763 ms
age() = 37086, Rider 4 has finished riding.
age() = 37086, Rider 4 is wandering the park for 6166 ms
age() = 37086, Car 2 has unloaded.
age() = 37086, Car 2 is in line to be loaded.
age() = 37326, Car 2 with Rider 3 is bumping on the floor for 436 ms
age() = 37633, Car 3 has unloaded.
age() = 37633, Car 3 is in line to be loaded.
age() = 37633, Rider 2 has finished riding.
age() = 37633, Rider 2 is wandering the park for 5770 ms
age() = 38765, Rider 3 has finished riding.
age() = 38765, Rider 3 is wandering the park for 6946 ms
age() = 38765, Car 2 has unloaded.
age() = 38765, Car 2 is in line to be loaded.
age() = 38849, Car 4 has unloaded.
age() = 38849, Rider 0 has finished riding.
age() = 38849, Car 4 is in line to be loaded.
age() = 38849, Rider 0 is wandering the park for 4090 ms
age() = 39672, Rider 1 is joining the line.
Calling stopIts; wait 15 seconds; do mini-report
age() = 40180, Rider 5 has finished riding.
age() = 40180, Car 0 has unloaded.
age() = 40673, Car 3 with Rider 1 is bumping on the floor for 4054 ms
age() = 41244, Rider 9 has finished riding.
age() = 41244, Car 1 has unloaded.
age() = 41641, Rider 8 is joining the line.
age() = 41730, Rider 6 is joining the line.
age() = 42251, Rider 7 is joining the line.
age() = 42642, Car 2 with Rider 6 is bumping on the floor for 4381 ms
age() = 42642, Car 4 with Rider 8 is bumping on the floor for 1683 ms
age() = 42940, Rider 0 is joining the line.
age() = 43253, Rider 4 is joining the line.
age() = 43404, Rider 2 is joining the line.
age() = 45326, Rider 8 has finished riding.
age() = 45326, Car 4 has unloaded.
age() = 45713, Rider 3 is joining the line.
age() = 45730, Rider 1 has finished riding.
age() = 45730, Car 3 has unloaded.
age() = 48039, Car 2 has unloaded.
age() = 48039, Rider 6 has finished riding.
Number of times a car was ridden 42.

D:\Desktop\code\OperatingSystems\Program06>exit
